[Info  - 7:05:56 AM] (1073) Pylance language server 2023.3.20 (pyright 93a4ef87) starting
[Info  - 7:05:56 AM] (1073) Server root directory: /home/admin/.vscode-server/extensions/ms-python.vscode-pylance-2023.3.20/dist
[Info  - 7:05:56 AM] (1073) Starting service instance "home"
[Info  - 7:05:56 AM] (1073) Auto-indent enabled
[Info  - 7:05:56 AM] (1073) Starting service instance "<default>"
[Info  - 7:05:56 AM] (1073) No pyproject.toml file found.
[Info  - 7:05:56 AM] (1073) Setting pythonPath for service "<default>": "/bin/python3"
[Warn  - 7:05:56 AM] (1073) stubPath typings is not a valid directory.
[Info  - 7:05:56 AM] (1073) Assuming Python version 3.7
[Info  - 7:05:56 AM] (1073) Assuming Python platform Linux
[Info  - 7:05:56 AM] (1073) Searching for source files
[Info  - 7:05:56 AM] (1073) No source files found.
[Info  - 7:05:56 AM] (1073) No configuration file found.
[Info  - 7:05:56 AM] (1073) No pyproject.toml file found.
[Info  - 7:05:56 AM] (1073) Setting pythonPath for service "home": "/bin/python3"
[Warn  - 7:05:56 AM] (1073) stubPath /home/typings is not a valid directory.
[Info  - 7:05:56 AM] (1073) Assuming Python version 3.7
[Info  - 7:05:56 AM] (1073) Assuming Python platform Linux
[Info  - 7:05:56 AM] (1073) Searching for source files
[Info  - 7:05:57 AM] (1073) Found 4395 source files
[Info  - 7:05:57 AM] (1073) Background analysis(1) root directory: /home/admin/.vscode-server/extensions/ms-python.vscode-pylance-2023.3.20/dist
[Info  - 7:05:57 AM] (1073) Background analysis(1) started
[Info  - 7:05:57 AM] (1073) Background analysis(2) root directory: /home/admin/.vscode-server/extensions/ms-python.vscode-pylance-2023.3.20/dist
[Info  - 7:05:57 AM] (1073) Background analysis(2) started
[Info  - 7:05:57 AM] (1073) No pyproject.toml file found.
[Info  - 7:05:57 AM] (1073) Setting pythonPath for service "<default>": "/bin/python3"
[Warn  - 7:05:57 AM] (1073) stubPath typings is not a valid directory.
[Info  - 7:05:57 AM] (1073) Assuming Python version 3.7
[Info  - 7:05:57 AM] (1073) Assuming Python platform Linux
[Info  - 7:05:57 AM] (1073) Searching for source files
[Info  - 7:05:57 AM] (1073) No source files found.
[Info  - 7:05:57 AM] (1073) Indexer background runner(3) root directory: /home/admin/.vscode-server/extensions/ms-python.vscode-pylance-2023.3.20/dist (index)
[Info  - 7:05:57 AM] (1073) Indexing(3) started
[Info  - 7:05:57 AM] (1073) scanned(3) 22 files over 1 exec env
[Info  - 7:05:57 AM] (1073) indexed(3) 10 files over 1 exec env
[Info  - 7:05:57 AM] (1073) Indexing finished(3).
[Warn  - 7:05:59 AM] (1073) Workspace indexing has hit its upper limit: 2000 files
[Warn  - 7:32:27 AM] (1073) Workspace indexing has hit its upper limit: 2000 files
[Info  - 9:45:19 AM] (1073) Searching for source files
[Info  - 9:45:19 AM] (1073) Found 4395 source files
[Info  - 1:28:47 PM] (1073) Searching for source files
[Info  - 1:28:48 PM] (1073) Found 4395 source files
