[Info  - 12:36:48 PM] (6623) Pylance language server 2023.3.20 (pyright 93a4ef87) starting
[Info  - 12:36:48 PM] (6623) Server root directory: /home/admin/.vscode-server/extensions/ms-python.vscode-pylance-2023.3.20/dist
[Info  - 12:36:48 PM] (6623) Starting service instance "home"
[Info  - 12:36:48 PM] (6623) Starting service instance "<default>"
[Info  - 12:36:48 PM] (6623) No pyproject.toml file found.
[Info  - 12:36:48 PM] (6623) Setting pythonPath for service "<default>": "/bin/python3"
[Warn  - 12:36:48 PM] (6623) stubPath typings is not a valid directory.
[Info  - 12:36:48 PM] (6623) Assuming Python version 3.7
[Info  - 12:36:48 PM] (6623) Assuming Python platform Linux
[Info  - 12:36:49 PM] (6623) Searching for source files
[Info  - 12:36:49 PM] (6623) No source files found.
[Info  - 12:36:49 PM] (6623) No configuration file found.
[Info  - 12:36:49 PM] (6623) No pyproject.toml file found.
[Info  - 12:36:49 PM] (6623) Setting pythonPath for service "home": "/bin/python3"
[Warn  - 12:36:49 PM] (6623) stubPath /home/typings is not a valid directory.
[Info  - 12:36:49 PM] (6623) Assuming Python version 3.7
[Info  - 12:36:49 PM] (6623) Assuming Python platform Linux
[Info  - 12:36:49 PM] (6623) Searching for source files
[Info  - 12:36:49 PM] (6623) Found 4395 source files
[Info  - 12:36:49 PM] (6623) Background analysis(1) root directory: /home/admin/.vscode-server/extensions/ms-python.vscode-pylance-2023.3.20/dist
[Info  - 12:36:49 PM] (6623) Background analysis(1) started
[Info  - 12:36:49 PM] (6623) Background analysis(2) root directory: /home/admin/.vscode-server/extensions/ms-python.vscode-pylance-2023.3.20/dist
[Info  - 12:36:49 PM] (6623) Background analysis(2) started
[Info  - 12:36:49 PM] (6623) No pyproject.toml file found.
[Info  - 12:36:49 PM] (6623) Setting pythonPath for service "<default>": "/bin/python3"
[Warn  - 12:36:49 PM] (6623) stubPath typings is not a valid directory.
[Info  - 12:36:49 PM] (6623) Assuming Python version 3.7
[Info  - 12:36:49 PM] (6623) Assuming Python platform Linux
[Info  - 12:36:49 PM] (6623) Searching for source files
[Info  - 12:36:49 PM] (6623) No source files found.
[Info  - 12:36:49 PM] (6623) Indexer background runner(3) root directory: /home/admin/.vscode-server/extensions/ms-python.vscode-pylance-2023.3.20/dist (index)
[Info  - 12:36:49 PM] (6623) Indexing(3) started
[Info  - 12:36:49 PM] (6623) scanned(3) 22 files over 1 exec env
[Info  - 12:36:49 PM] (6623) indexed(3) 10 files over 1 exec env
[Info  - 12:36:49 PM] (6623) Indexing finished(3).
[Warn  - 12:36:52 PM] (6623) Workspace indexing has hit its upper limit: 2000 files
[Info  - 12:37:43 PM] (6623) Searching for source files
[Info  - 12:37:43 PM] (6623) Found 4395 source files
[Info  - 12:38:22 PM] (6623) Searching for source files
[Info  - 12:38:22 PM] (6623) Found 4396 source files
[Info  - 12:58:29 PM] (6623) Searching for source files
[Info  - 12:58:29 PM] (6623) Found 4395 source files
[Info  - 1:16:07 PM] (6623) Searching for source files
[Info  - 1:16:08 PM] (6623) Found 4395 source files
