Visual Studio Code (1.76.2, ssh-remote, desktop)
Jupyter Extension Version: 2023.2.1200692131.
Python Extension Version: 2023.4.1.
Workspace folder /home
El usuario pertenece al grupo de experimentos 'jupyterEnhancedDataViewer'
El usuario pertenece al grupo de experimentos 'jupyterTest'
info 10:56:42.915: LSP Notebooks experiment is enabled
warn 10:56:43.526: Failed to get activated env vars with python /bin/python3 in 379ms
info 10:56:43.542: Process Execution: > /bin/python3 -c "import site;print("USER_BASE_VALUE");print(site.USER_SITE);print("USER_BASE_VALUE");"
> /bin/python3 -c "import site;print("USER_BASE_VALUE");print(site.USER_SITE);print("USER_BASE_VALUE");"
info 10:56:43.573: Process Execution: > /bin/python3 -m pip list
> /bin/python3 -m pip list
info 10:58:24.613: Ending debug session c59aca43-7a7c-4809-8b03-55c999745d47
info 10:58:24.613: Ending debug session c59aca43-7a7c-4809-8b03-55c999745d47
info 11:04:42.559: Ending debug session 0d7976b7-9dfe-4fbc-afd5-f98eb91f919d
info 11:04:42.559: Ending debug session 0d7976b7-9dfe-4fbc-afd5-f98eb91f919d
info 11:08:54.024: Ending debug session 0d7976b7-9dfe-4fbc-afd5-f98eb91f919d
info 11:08:54.024: Ending debug session 0d7976b7-9dfe-4fbc-afd5-f98eb91f919d
info 11:20:16.307: Ending debug session 9e302632-0ecf-45d8-a3c7-96a9d24b0481
info 11:20:16.307: Ending debug session 9e302632-0ecf-45d8-a3c7-96a9d24b0481
info 11:20:27.673: Ending debug session 9e302632-0ecf-45d8-a3c7-96a9d24b0481
info 11:20:27.673: Ending debug session 9e302632-0ecf-45d8-a3c7-96a9d24b0481
